<?xml version="1.0" encoding="UTF-8"?>
<!-- Generated by org.testng.reporters.JUnitXMLReporter -->
<testsuite hostname="Andreas-MacBook-Air.local" ignored="2" name="1. Login" tests="7" failures="0" timestamp="08 Sep 2017 03:05:54 GMT" time="51.311" errors="0">
  <testcase name="rightUserWrongPassLoginTest" time="2.904" classname="tests.TC_Login"/>
  <testcase name="rightUserBlankPassLoginTest" time="1.601" classname="tests.TC_Login"/>
  <testcase name="blankUserAnyPassLoginTest" time="1.626" classname="tests.TC_Login"/>
  <testcase name="blankUserBlankPassLoginTest" time="1.473" classname="tests.TC_Login"/>
  <testcase name="wrongUserLoginTest" time="1.71" classname="tests.TC_Login"/>
  <testcase name="rightLoginTest" time="4.72" classname="tests.TC_Login"/>
  <testcase name="createPostTest" time="23.715" classname="tests.TC_Posts"/>
  <testcase name="@AfterTest aftermethod" time="0.0" classname="packages.Base">
    <ignored/>
  </testcase> <!-- @AfterTest aftermethod -->
  <testcase name="@BeforeTest beforemethod" time="0.0" classname="packages.Base">
    <ignored/>
  </testcase> <!-- @BeforeTest beforemethod -->
</testsuite> <!-- 1. Login -->
