<?xml version="1.0" encoding="UTF-8"?>
<testng-results ignored="0" total="4" passed="4" failed="0" skipped="0">
  <reporter-output>
  </reporter-output>
  <suite started-at="2020-02-04T03:18:21 EST" name="SuiteLogIn" finished-at="2020-02-04T03:19:20 EST" duration-ms="59231">
    <groups>
    </groups>
    <test started-at="2020-02-04T03:18:21 EST" name="LogIn" finished-at="2020-02-04T03:19:20 EST" duration-ms="59231">
      <class name="test.login.Login">
        <test-method signature="loginTest(java.lang.String, java.lang.String, java.lang.String, java.lang.String)[pri:0, instance:test.login.Login@10db82ae]" started-at="2020-02-04T03:18:21 EST" name="loginTest" description="Login into the system" data-provider="ddt" finished-at="2020-02-04T03:18:37 EST" duration-ms="15403" status="PASS">
          <params>
            <param index="0">
              <value>
                <![CDATA[testportfolio]]>
              </value>
            </param>
            <param index="1">
              <value>
                <![CDATA[wrong]]>
              </value>
            </param>
            <param index="2">
              <value>
                <![CDATA[no]]>
              </value>
            </param>
            <param index="3">
              <value>
                <![CDATA[no]]>
              </value>
            </param>
          </params>
          <reporter-output>
          </reporter-output>
        </test-method> <!-- loginTest -->
        <test-method signature="loginTest(java.lang.String, java.lang.String, java.lang.String, java.lang.String)[pri:0, instance:test.login.Login@10db82ae]" started-at="2020-02-04T03:18:37 EST" name="loginTest" description="Login into the system" data-provider="ddt" finished-at="2020-02-04T03:18:51 EST" duration-ms="14463" status="PASS">
          <params>
            <param index="0">
              <value>
                <![CDATA[testportfolio]]>
              </value>
            </param>
            <param index="1">
              <value>
                <![CDATA[]]>
              </value>
            </param>
            <param index="2">
              <value>
                <![CDATA[no]]>
              </value>
            </param>
            <param index="3">
              <value>
                <![CDATA[no]]>
              </value>
            </param>
          </params>
          <reporter-output>
          </reporter-output>
        </test-method> <!-- loginTest -->
        <test-method signature="loginTest(java.lang.String, java.lang.String, java.lang.String, java.lang.String)[pri:0, instance:test.login.Login@10db82ae]" started-at="2020-02-04T03:18:51 EST" name="loginTest" description="Login into the system" data-provider="ddt" finished-at="2020-02-04T03:19:05 EST" duration-ms="14400" status="PASS">
          <params>
            <param index="0">
              <value>
                <![CDATA[]]>
              </value>
            </param>
            <param index="1">
              <value>
                <![CDATA[shd76-dsf3.ewer!djf0)*hhkdlkds56*&b]]>
              </value>
            </param>
            <param index="2">
              <value>
                <![CDATA[no]]>
              </value>
            </param>
            <param index="3">
              <value>
                <![CDATA[no]]>
              </value>
            </param>
          </params>
          <reporter-output>
          </reporter-output>
        </test-method> <!-- loginTest -->
        <test-method signature="loginTest(java.lang.String, java.lang.String, java.lang.String, java.lang.String)[pri:0, instance:test.login.Login@10db82ae]" started-at="2020-02-04T03:19:05 EST" name="loginTest" description="Login into the system" data-provider="ddt" finished-at="2020-02-04T03:19:20 EST" duration-ms="14422" status="PASS">
          <params>
            <param index="0">
              <value>
                <![CDATA[wrong]]>
              </value>
            </param>
            <param index="1">
              <value>
                <![CDATA[shd76-dsf3.ewer!djf0)*hhkdlkds56*&b]]>
              </value>
            </param>
            <param index="2">
              <value>
                <![CDATA[no]]>
              </value>
            </param>
            <param index="3">
              <value>
                <![CDATA[no]]>
              </value>
            </param>
          </params>
          <reporter-output>
          </reporter-output>
        </test-method> <!-- loginTest -->
      </class> <!-- test.login.Login -->
    </test> <!-- LogIn -->
  </suite> <!-- SuiteLogIn -->
</testng-results>
