<?xml version="1.0" encoding="UTF-8"?>
<!-- Generated by org.testng.reporters.JUnitXMLReporter -->
<testsuite ignored="0" hostname="LAPTOP-D4NSSRIT" failures="0" tests="4" name="LogIn" time="59.231" errors="0" timestamp="2020-02-04T03:19:20 EST">
  <testcase classname="test.login.Login" name="loginTest" time="15.403"/>
  <testcase classname="test.login.Login" name="loginTest" time="14.463"/>
  <testcase classname="test.login.Login" name="loginTest" time="14.4"/>
  <testcase classname="test.login.Login" name="loginTest" time="14.422"/>
</testsuite> <!-- LogIn -->
